2025-11-11 16:24:22,493 [INFO] MongoManager initialized for database: datamart
2025-11-11 16:24:22,494 [INFO] Connecting to MongoDB at closio-mongodb-77838290.mongo.ondigitalocean.com/mosqapp-staging?replicaSet=closio-mongodb&tls=true&authSource=admin...
2025-11-11 16:24:24,364 [INFO] Successfully connected to MongoDB. Database: 'datamart'
2025-11-11 16:24:24,365 [INFO] Starting Sales data export to sales_data.parquet...
2025-11-11 16:24:24,365 [INFO] Counting documents for collection 'SalesData'...
2025-11-11 16:24:48,294 [INFO] Total documents to pull: 5939285
2025-11-11 16:24:48,295 [INFO] Pulling 5939285 documents in chunks of 500000...
2025-11-11 16:24:48,295 [INFO] Creating data cursor for collection 'SalesData'...
2025-11-11 16:46:10,081 [INFO] Finished pulling all data into 12 chunk files.
2025-11-11 16:46:10,083 [INFO] Concatenating 12 chunks into /Users/trentino/Work/OFM/droplet/2026 Forecast/data/sales_data.parquet...
2025-11-11 16:46:13,928 [INFO] Cleaning up temporary chunks from /Users/trentino/Work/OFM/droplet/2026 Forecast/data/temp_mongo_chunks_parquet...
2025-11-11 16:46:13,937 [INFO] Data pull complete. Final file saved to: /Users/trentino/Work/OFM/droplet/2026 Forecast/data/sales_data.parquet
2025-11-11 16:46:14,453 [INFO] Sales export successful: /Users/trentino/Work/OFM/droplet/2026 Forecast/data/sales_data.parquet
2025-11-11 16:46:14,453 [INFO] Starting Weather data export to open_meteo_weather.parquet...
2025-11-11 16:46:14,453 [INFO] Counting documents for collection 'OpenMeteoWeatherData'...
2025-11-11 16:46:14,739 [INFO] Total documents to pull: 74721
2025-11-11 16:46:14,740 [INFO] Pulling 74721 documents in chunks of 500000...
2025-11-11 16:46:14,740 [INFO] Creating data cursor for collection 'OpenMeteoWeatherData'...
2025-11-11 16:46:25,432 [INFO] Finished pulling all data into 1 chunk files.
2025-11-11 16:46:25,432 [INFO] Concatenating 1 chunks into /Users/trentino/Work/OFM/droplet/2026 Forecast/data/open_meteo_weather.parquet...
2025-11-11 16:46:25,457 [INFO] Cleaning up temporary chunks from /Users/trentino/Work/OFM/droplet/2026 Forecast/data/temp_mongo_chunks_parquet...
2025-11-11 16:46:25,457 [INFO] Data pull complete. Final file saved to: /Users/trentino/Work/OFM/droplet/2026 Forecast/data/open_meteo_weather.parquet
2025-11-11 16:46:25,463 [INFO] Weather export successful: /Users/trentino/Work/OFM/droplet/2026 Forecast/data/open_meteo_weather.parquet
2025-11-11 16:46:25,463 [INFO] Closing MongoDB connection.
2025-11-11 16:46:25,604 [INFO] MongoDB connection closed.
